<?xml version="1.0" encoding="UTF-8"?>
<!-- Generated by org.testng.reporters.JUnitReportReporter -->
<testsuite hostname="DEV-PK-2913-LAP" failures="0" tests="3" name="masterpage.IndexPage" time="29.824" errors="0" timestamp="2024-09-02T22:46:46 IST" skipped="1">
  <testcase classname="masterpage.IndexPage" name="loginMethods" time="0.702"/>
  <testcase classname="masterpage.IndexPage" name="BulkPost" time="29.122"/>
  <testcase classname="masterpage.IndexPage" name="businessProfile">
    <skipped/>
  </testcase> <!-- businessProfile -->
</testsuite> <!-- masterpage.IndexPage -->
